::1 - - [09/May/2018:10:29:21 +0200] "GET /practicum/ HTTP/1.1" 404 1108 "-" "Mozilla/5.0 (Windows NT 10.0; Win64; x64; rv:59.0) Gecko/20100101 Firefox/59.0"
::1 - - [09/May/2018:10:29:21 +0200] "GET /favicon.ico HTTP/1.1" 200 30894 "-" "Mozilla/5.0 (Windows NT 10.0; Win64; x64; rv:59.0) Gecko/20100101 Firefox/59.0"
::1 - - [09/May/2018:10:29:24 +0200] "GET /phpmyadmin/ HTTP/1.1" 200 13689 "-" "Mozilla/5.0 (Windows NT 10.0; Win64; x64; rv:59.0) Gecko/20100101 Firefox/59.0"
::1 - - [09/May/2018:10:29:25 +0200] "GET /phpmyadmin/js/vendor/codemirror/lib/codemirror.css?v=4.8.0 HTTP/1.1" 200 8542 "-" "Mozilla/5.0 (Windows NT 10.0; Win64; x64; rv:59.0) Gecko/20100101 Firefox/59.0"
::1 - - [09/May/2018:10:29:25 +0200] "GET /phpmyadmin/js/vendor/codemirror/addon/hint/show-hint.css?v=4.8.0 HTTP/1.1" 200 623 "-" "Mozilla/5.0 (Windows NT 10.0; Win64; x64; rv:59.0) Gecko/20100101 Firefox/59.0"
::1 - - [09/May/2018:10:29:25 +0200] "GET /phpmyadmin/js/vendor/codemirror/addon/lint/lint.css?v=4.8.0 HTTP/1.1" 200 2999 "-" "Mozilla/5.0 (Windows NT 10.0; Win64; x64; rv:59.0) Gecko/20100101 Firefox/59.0"
::1 - - [09/May/2018:10:29:25 +0200] "GET /phpmyadmin/js/vendor/jquery/jquery.min.js?v=4.8.0 HTTP/1.1" 200 86927 "-" "Mozilla/5.0 (Windows NT 10.0; Win64; x64; rv:59.0) Gecko/20100101 Firefox/59.0"
::1 - - [09/May/2018:10:29:25 +0200] "GET /phpmyadmin/js/vendor/sprintf.js?v=4.8.0 HTTP/1.1" 200 7387 "-" "Mozilla/5.0 (Windows NT 10.0; Win64; x64; rv:59.0) Gecko/20100101 Firefox/59.0"
::1 - - [09/May/2018:10:29:25 +0200] "GET /phpmyadmin/themes/pmahomme/css/printview.css?v=4.8.0 HTTP/1.1" 200 2746 "-" "Mozilla/5.0 (Windows NT 10.0; Win64; x64; rv:59.0) Gecko/20100101 Firefox/59.0"
::1 - - [09/May/2018:10:29:25 +0200] "GET /phpmyadmin/js/keyhandler.js?v=4.8.0 HTTP/1.1" 200 3333 "-" "Mozilla/5.0 (Windows NT 10.0; Win64; x64; rv:59.0) Gecko/20100101 Firefox/59.0"
::1 - - [09/May/2018:10:29:25 +0200] "GET /phpmyadmin/js/ajax.js?v=4.8.0 HTTP/1.1" 200 31246 "-" "Mozilla/5.0 (Windows NT 10.0; Win64; x64; rv:59.0) Gecko/20100101 Firefox/59.0"
::1 - - [09/May/2018:10:29:25 +0200] "GET /phpmyadmin/js/vendor/jquery/jquery-migrate.js?v=4.8.0 HTTP/1.1" 200 17813 "-" "Mozilla/5.0 (Windows NT 10.0; Win64; x64; rv:59.0) Gecko/20100101 Firefox/59.0"
::1 - - [09/May/2018:10:29:25 +0200] "GET /phpmyadmin/js/vendor/jquery/jquery.mousewheel.js?v=4.8.0 HTTP/1.1" 200 8267 "-" "Mozilla/5.0 (Windows NT 10.0; Win64; x64; rv:59.0) Gecko/20100101 Firefox/59.0"
::1 - - [09/May/2018:10:29:25 +0200] "GET /phpmyadmin/js/vendor/jquery/jquery-ui.min.js?v=4.8.0 HTTP/1.1" 200 253681 "-" "Mozilla/5.0 (Windows NT 10.0; Win64; x64; rv:59.0) Gecko/20100101 Firefox/59.0"
::1 - - [09/May/2018:10:29:25 +0200] "GET /phpmyadmin/js/vendor/js.cookie.js?v=4.8.0 HTTP/1.1" 200 3886 "-" "Mozilla/5.0 (Windows NT 10.0; Win64; x64; rv:59.0) Gecko/20100101 Firefox/59.0"
::1 - - [09/May/2018:10:29:25 +0200] "GET /phpmyadmin/js/vendor/jquery/jquery.event.drag-2.2.js?v=4.8.0 HTTP/1.1" 200 12826 "-" "Mozilla/5.0 (Windows NT 10.0; Win64; x64; rv:59.0) Gecko/20100101 Firefox/59.0"
::1 - - [09/May/2018:10:29:25 +0200] "GET /phpmyadmin/js/vendor/jquery/jquery.validate.js?v=4.8.0 HTTP/1.1" 200 48696 "-" "Mozilla/5.0 (Windows NT 10.0; Win64; x64; rv:59.0) Gecko/20100101 Firefox/59.0"
::1 - - [09/May/2018:10:29:25 +0200] "GET /phpmyadmin/js/vendor/jquery/jquery-ui-timepicker-addon.js?v=4.8.0 HTTP/1.1" 200 78475 "-" "Mozilla/5.0 (Windows NT 10.0; Win64; x64; rv:59.0) Gecko/20100101 Firefox/59.0"
::1 - - [09/May/2018:10:29:25 +0200] "GET /phpmyadmin/js/menu-resizer.js?v=4.8.0 HTTP/1.1" 200 8318 "-" "Mozilla/5.0 (Windows NT 10.0; Win64; x64; rv:59.0) Gecko/20100101 Firefox/59.0"
::1 - - [09/May/2018:10:29:25 +0200] "GET /phpmyadmin/js/cross_framing_protection.js?v=4.8.0 HTTP/1.1" 200 471 "-" "Mozilla/5.0 (Windows NT 10.0; Win64; x64; rv:59.0) Gecko/20100101 Firefox/59.0"
::1 - - [09/May/2018:10:29:25 +0200] "GET /phpmyadmin/js/vendor/jquery/jquery.debounce-1.0.5.js?v=4.8.0 HTTP/1.1" 200 1169 "-" "Mozilla/5.0 (Windows NT 10.0; Win64; x64; rv:59.0) Gecko/20100101 Firefox/59.0"
::1 - - [09/May/2018:10:29:25 +0200] "GET /phpmyadmin/js/vendor/jquery/jquery.ba-hashchange-1.3.js?v=4.8.0 HTTP/1.1" 200 16522 "-" "Mozilla/5.0 (Windows NT 10.0; Win64; x64; rv:59.0) Gecko/20100101 Firefox/59.0"
::1 - - [09/May/2018:10:29:25 +0200] "GET /phpmyadmin/js/rte.js?v=4.8.0 HTTP/1.1" 200 47678 "-" "Mozilla/5.0 (Windows NT 10.0; Win64; x64; rv:59.0) Gecko/20100101 Firefox/59.0"
::1 - - [09/May/2018:10:29:25 +0200] "GET /phpmyadmin/js/error_report.js?v=4.8.0 HTTP/1.1" 200 10112 "-" "Mozilla/5.0 (Windows NT 10.0; Win64; x64; rv:59.0) Gecko/20100101 Firefox/59.0"
::1 - - [09/May/2018:10:29:25 +0200] "GET /phpmyadmin/js/vendor/tracekit.js?v=4.8.0 HTTP/1.1" 200 45389 "-" "Mozilla/5.0 (Windows NT 10.0; Win64; x64; rv:59.0) Gecko/20100101 Firefox/59.0"
::1 - - [09/May/2018:10:29:25 +0200] "GET /phpmyadmin/js/config.js?v=4.8.0 HTTP/1.1" 200 26929 "-" "Mozilla/5.0 (Windows NT 10.0; Win64; x64; rv:59.0) Gecko/20100101 Firefox/59.0"
::1 - - [09/May/2018:10:29:25 +0200] "GET /phpmyadmin/js/doclinks.js?v=4.8.0 HTTP/1.1" 200 20643 "-" "Mozilla/5.0 (Windows NT 10.0; Win64; x64; rv:59.0) Gecko/20100101 Firefox/59.0"
::1 - - [09/May/2018:10:29:25 +0200] "GET /phpmyadmin/js/functions.js?v=4.8.0 HTTP/1.1" 200 173349 "-" "Mozilla/5.0 (Windows NT 10.0; Win64; x64; rv:59.0) Gecko/20100101 Firefox/59.0"
::1 - - [09/May/2018:10:29:25 +0200] "GET /phpmyadmin/js/indexes.js?v=4.8.0 HTTP/1.1" 200 27409 "-" "Mozilla/5.0 (Windows NT 10.0; Win64; x64; rv:59.0) Gecko/20100101 Firefox/59.0"
::1 - - [09/May/2018:10:29:25 +0200] "GET /phpmyadmin/js/navigation.js?v=4.8.0 HTTP/1.1" 200 59816 "-" "Mozilla/5.0 (Windows NT 10.0; Win64; x64; rv:59.0) Gecko/20100101 Firefox/59.0"
::1 - - [09/May/2018:10:29:25 +0200] "GET /phpmyadmin/js/common.js?v=4.8.0 HTTP/1.1" 200 19168 "-" "Mozilla/5.0 (Windows NT 10.0; Win64; x64; rv:59.0) Gecko/20100101 Firefox/59.0"
::1 - - [09/May/2018:10:29:25 +0200] "GET /phpmyadmin/js/shortcuts_handler.js?v=4.8.0 HTTP/1.1" 200 3264 "-" "Mozilla/5.0 (Windows NT 10.0; Win64; x64; rv:59.0) Gecko/20100101 Firefox/59.0"
::1 - - [09/May/2018:10:29:25 +0200] "GET /phpmyadmin/js/page_settings.js?v=4.8.0 HTTP/1.1" 200 1749 "-" "Mozilla/5.0 (Windows NT 10.0; Win64; x64; rv:59.0) Gecko/20100101 Firefox/59.0"
::1 - - [09/May/2018:10:29:25 +0200] "GET /phpmyadmin/js/vendor/codemirror/mode/sql/sql.js?v=4.8.0 HTTP/1.1" 200 45323 "-" "Mozilla/5.0 (Windows NT 10.0; Win64; x64; rv:59.0) Gecko/20100101 Firefox/59.0"
::1 - - [09/May/2018:10:29:25 +0200] "GET /phpmyadmin/js/vendor/codemirror/lib/codemirror.js?v=4.8.0 HTTP/1.1" 200 373234 "-" "Mozilla/5.0 (Windows NT 10.0; Win64; x64; rv:59.0) Gecko/20100101 Firefox/59.0"
::1 - - [09/May/2018:10:29:25 +0200] "GET /phpmyadmin/js/vendor/codemirror/addon/runmode/runmode.js?v=4.8.0 HTTP/1.1" 200 2499 "-" "Mozilla/5.0 (Windows NT 10.0; Win64; x64; rv:59.0) Gecko/20100101 Firefox/59.0"
::1 - - [09/May/2018:10:29:25 +0200] "GET /phpmyadmin/js/vendor/codemirror/addon/hint/show-hint.js?v=4.8.0 HTTP/1.1" 200 15909 "-" "Mozilla/5.0 (Windows NT 10.0; Win64; x64; rv:59.0) Gecko/20100101 Firefox/59.0"
::1 - - [09/May/2018:10:29:25 +0200] "GET /phpmyadmin/js/codemirror/addon/lint/sql-lint.js?v=4.8.0 HTTP/1.1" 200 1048 "-" "Mozilla/5.0 (Windows NT 10.0; Win64; x64; rv:59.0) Gecko/20100101 Firefox/59.0"
::1 - - [09/May/2018:10:29:25 +0200] "GET /phpmyadmin/js/vendor/codemirror/addon/hint/sql-hint.js?v=4.8.0 HTTP/1.1" 200 9148 "-" "Mozilla/5.0 (Windows NT 10.0; Win64; x64; rv:59.0) Gecko/20100101 Firefox/59.0"
::1 - - [09/May/2018:10:29:25 +0200] "GET /phpmyadmin/js/vendor/codemirror/addon/lint/lint.js?v=4.8.0 HTTP/1.1" 200 8609 "-" "Mozilla/5.0 (Windows NT 10.0; Win64; x64; rv:59.0) Gecko/20100101 Firefox/59.0"
::1 - - [09/May/2018:10:29:25 +0200] "GET /phpmyadmin/js/console.js?v=4.8.0 HTTP/1.1" 200 57278 "-" "Mozilla/5.0 (Windows NT 10.0; Win64; x64; rv:59.0) Gecko/20100101 Firefox/59.0"
::1 - - [09/May/2018:10:29:25 +0200] "GET /phpmyadmin/js/whitelist.php?v=4.8.0 HTTP/1.1" 200 57 "-" "Mozilla/5.0 (Windows NT 10.0; Win64; x64; rv:59.0) Gecko/20100101 Firefox/59.0"
::1 - - [09/May/2018:10:29:25 +0200] "GET /phpmyadmin/phpmyadmin.css.php?nocache=6019251130ltr&server=1 HTTP/1.1" 200 20694 "-" "Mozilla/5.0 (Windows NT 10.0; Win64; x64; rv:59.0) Gecko/20100101 Firefox/59.0"
::1 - - [09/May/2018:10:29:25 +0200] "GET /phpmyadmin/js/messages.php?l=nl&v=4.8.0 HTTP/1.1" 200 9903 "-" "Mozilla/5.0 (Windows NT 10.0; Win64; x64; rv:59.0) Gecko/20100101 Firefox/59.0"
::1 - - [09/May/2018:10:29:25 +0200] "GET /phpmyadmin/themes/pmahomme/img/logo_left.png HTTP/1.1" 200 2713 "-" "Mozilla/5.0 (Windows NT 10.0; Win64; x64; rv:59.0) Gecko/20100101 Firefox/59.0"
::1 - - [09/May/2018:10:29:25 +0200] "GET /phpmyadmin/themes/pmahomme/img/left_nav_bg.png HTTP/1.1" 200 146 "-" "Mozilla/5.0 (Windows NT 10.0; Win64; x64; rv:59.0) Gecko/20100101 Firefox/59.0"
::1 - - [09/May/2018:10:29:25 +0200] "GET /phpmyadmin/themes/pmahomme/img/b_home.png HTTP/1.1" 200 734 "-" "Mozilla/5.0 (Windows NT 10.0; Win64; x64; rv:59.0) Gecko/20100101 Firefox/59.0"
::1 - - [09/May/2018:10:29:25 +0200] "GET /phpmyadmin/themes/pmahomme/img/s_loggoff.png HTTP/1.1" 200 626 "-" "Mozilla/5.0 (Windows NT 10.0; Win64; x64; rv:59.0) Gecko/20100101 Firefox/59.0"
::1 - - [09/May/2018:10:29:25 +0200] "GET /phpmyadmin/themes/pmahomme/img/b_docs.png HTTP/1.1" 200 705 "-" "Mozilla/5.0 (Windows NT 10.0; Win64; x64; rv:59.0) Gecko/20100101 Firefox/59.0"
::1 - - [09/May/2018:10:29:25 +0200] "GET /phpmyadmin/themes/pmahomme/img/b_sqlhelp.png HTTP/1.1" 200 512 "-" "Mozilla/5.0 (Windows NT 10.0; Win64; x64; rv:59.0) Gecko/20100101 Firefox/59.0"
::1 - - [09/May/2018:10:29:25 +0200] "GET /phpmyadmin/themes/pmahomme/img/s_cog.png HTTP/1.1" 200 442 "-" "Mozilla/5.0 (Windows NT 10.0; Win64; x64; rv:59.0) Gecko/20100101 Firefox/59.0"
::1 - - [09/May/2018:10:29:25 +0200] "GET /phpmyadmin/themes/pmahomme/img/s_reload.png HTTP/1.1" 200 527 "-" "Mozilla/5.0 (Windows NT 10.0; Win64; x64; rv:59.0) Gecko/20100101 Firefox/59.0"
::1 - - [09/May/2018:10:29:25 +0200] "GET /phpmyadmin/themes/pmahomme/img/s_link.png HTTP/1.1" 200 280 "-" "Mozilla/5.0 (Windows NT 10.0; Win64; x64; rv:59.0) Gecko/20100101 Firefox/59.0"
::1 - - [09/May/2018:10:29:25 +0200] "GET /phpmyadmin/themes/pmahomme/img/b_newdb.png HTTP/1.1" 200 585 "-" "Mozilla/5.0 (Windows NT 10.0; Win64; x64; rv:59.0) Gecko/20100101 Firefox/59.0"
::1 - - [09/May/2018:10:29:25 +0200] "GET /phpmyadmin/themes/pmahomme/img/b_plus.png HTTP/1.1" 200 143 "-" "Mozilla/5.0 (Windows NT 10.0; Win64; x64; rv:59.0) Gecko/20100101 Firefox/59.0"
::1 - - [09/May/2018:10:29:25 +0200] "GET /phpmyadmin/themes/pmahomme/img/s_db.png HTTP/1.1" 200 328 "-" "Mozilla/5.0 (Windows NT 10.0; Win64; x64; rv:59.0) Gecko/20100101 Firefox/59.0"
::1 - - [09/May/2018:10:29:25 +0200] "GET /phpmyadmin/themes/pmahomme/img/s_host.png HTTP/1.1" 200 591 "-" "Mozilla/5.0 (Windows NT 10.0; Win64; x64; rv:59.0) Gecko/20100101 Firefox/59.0"
::1 - - [09/May/2018:10:29:25 +0200] "GET /phpmyadmin/themes/pmahomme/img/b_sql.png HTTP/1.1" 200 680 "-" "Mozilla/5.0 (Windows NT 10.0; Win64; x64; rv:59.0) Gecko/20100101 Firefox/59.0"
::1 - - [09/May/2018:10:29:25 +0200] "GET /phpmyadmin/themes/pmahomme/img/s_status.png HTTP/1.1" 200 600 "-" "Mozilla/5.0 (Windows NT 10.0; Win64; x64; rv:59.0) Gecko/20100101 Firefox/59.0"
::1 - - [09/May/2018:10:29:25 +0200] "GET /phpmyadmin/themes/pmahomme/img/b_import.png HTTP/1.1" 200 556 "-" "Mozilla/5.0 (Windows NT 10.0; Win64; x64; rv:59.0) Gecko/20100101 Firefox/59.0"
::1 - - [09/May/2018:10:29:25 +0200] "GET /phpmyadmin/themes/pmahomme/img/b_export.png HTTP/1.1" 200 514 "-" "Mozilla/5.0 (Windows NT 10.0; Win64; x64; rv:59.0) Gecko/20100101 Firefox/59.0"
::1 - - [09/May/2018:10:29:25 +0200] "GET /phpmyadmin/themes/pmahomme/img/b_tblops.png HTTP/1.1" 200 537 "-" "Mozilla/5.0 (Windows NT 10.0; Win64; x64; rv:59.0) Gecko/20100101 Firefox/59.0"
::1 - - [09/May/2018:10:29:25 +0200] "GET /phpmyadmin/themes/pmahomme/img/s_replication.png HTTP/1.1" 200 399 "-" "Mozilla/5.0 (Windows NT 10.0; Win64; x64; rv:59.0) Gecko/20100101 Firefox/59.0"
::1 - - [09/May/2018:10:29:25 +0200] "GET /phpmyadmin/themes/pmahomme/img/s_vars.png HTTP/1.1" 200 523 "-" "Mozilla/5.0 (Windows NT 10.0; Win64; x64; rv:59.0) Gecko/20100101 Firefox/59.0"
::1 - - [09/May/2018:10:29:25 +0200] "GET /phpmyadmin/themes/pmahomme/img/s_rights.png HTTP/1.1" 200 461 "-" "Mozilla/5.0 (Windows NT 10.0; Win64; x64; rv:59.0) Gecko/20100101 Firefox/59.0"
::1 - - [09/May/2018:10:29:25 +0200] "GET /phpmyadmin/themes/pmahomme/img/s_asci.png HTTP/1.1" 200 148 "-" "Mozilla/5.0 (Windows NT 10.0; Win64; x64; rv:59.0) Gecko/20100101 Firefox/59.0"
::1 - - [09/May/2018:10:29:25 +0200] "GET /phpmyadmin/themes/pmahomme/img/b_engine.png HTTP/1.1" 200 398 "-" "Mozilla/5.0 (Windows NT 10.0; Win64; x64; rv:59.0) Gecko/20100101 Firefox/59.0"
::1 - - [09/May/2018:10:29:25 +0200] "GET /phpmyadmin/themes/pmahomme/img/b_plugin.png HTTP/1.1" 200 512 "-" "Mozilla/5.0 (Windows NT 10.0; Win64; x64; rv:59.0) Gecko/20100101 Firefox/59.0"
::1 - - [09/May/2018:10:29:25 +0200] "GET /phpmyadmin/themes/pmahomme/img/s_top.png HTTP/1.1" 200 220 "-" "Mozilla/5.0 (Windows NT 10.0; Win64; x64; rv:59.0) Gecko/20100101 Firefox/59.0"
::1 - - [09/May/2018:10:29:25 +0200] "GET /phpmyadmin/themes/pmahomme/img/console.png HTTP/1.1" 200 292 "-" "Mozilla/5.0 (Windows NT 10.0; Win64; x64; rv:59.0) Gecko/20100101 Firefox/59.0"
::1 - - [09/May/2018:10:29:25 +0200] "GET /phpmyadmin/themes/pmahomme/img/b_help.png HTTP/1.1" 200 705 "-" "Mozilla/5.0 (Windows NT 10.0; Win64; x64; rv:59.0) Gecko/20100101 Firefox/59.0"
::1 - - [09/May/2018:10:29:25 +0200] "GET /phpmyadmin/themes/pmahomme/img/s_lang.png HTTP/1.1" 200 659 "-" "Mozilla/5.0 (Windows NT 10.0; Win64; x64; rv:59.0) Gecko/20100101 Firefox/59.0"
::1 - - [09/May/2018:10:29:25 +0200] "GET /phpmyadmin/themes/pmahomme/img/s_theme.png HTTP/1.1" 200 772 "-" "Mozilla/5.0 (Windows NT 10.0; Win64; x64; rv:59.0) Gecko/20100101 Firefox/59.0"
::1 - - [09/May/2018:10:29:25 +0200] "GET /phpmyadmin/themes/pmahomme/img/window-new.png HTTP/1.1" 200 468 "-" "Mozilla/5.0 (Windows NT 10.0; Win64; x64; rv:59.0) Gecko/20100101 Firefox/59.0"
::1 - - [09/May/2018:10:29:25 +0200] "POST /phpmyadmin/ajax.php HTTP/1.1" 200 1409 "-" "Mozilla/5.0 (Windows NT 10.0; Win64; x64; rv:59.0) Gecko/20100101 Firefox/59.0"
::1 - - [09/May/2018:10:29:25 +0200] "GET /phpmyadmin/favicon.ico HTTP/1.1" 200 22486 "-" "Mozilla/5.0 (Windows NT 10.0; Win64; x64; rv:59.0) Gecko/20100101 Firefox/59.0"
::1 - - [09/May/2018:10:29:25 +0200] "GET /phpmyadmin/themes/pmahomme/img/b_more.png HTTP/1.1" 200 111 "-" "Mozilla/5.0 (Windows NT 10.0; Win64; x64; rv:59.0) Gecko/20100101 Firefox/59.0"
::1 - - [09/May/2018:10:29:25 +0200] "POST /phpmyadmin/navigation.php?ajax_request=1 HTTP/1.1" 200 2091 "-" "Mozilla/5.0 (Windows NT 10.0; Win64; x64; rv:59.0) Gecko/20100101 Firefox/59.0"
::1 - - [09/May/2018:10:29:25 +0200] "POST /phpmyadmin/ajax.php HTTP/1.1" 200 1504 "-" "Mozilla/5.0 (Windows NT 10.0; Win64; x64; rv:59.0) Gecko/20100101 Firefox/59.0"
::1 - - [09/May/2018:10:29:26 +0200] "POST /phpmyadmin/ajax.php HTTP/1.1" 200 1400 "-" "Mozilla/5.0 (Windows NT 10.0; Win64; x64; rv:59.0) Gecko/20100101 Firefox/59.0"
::1 - - [09/May/2018:10:29:26 +0200] "POST /phpmyadmin/version_check.php HTTP/1.1" 200 66 "-" "Mozilla/5.0 (Windows NT 10.0; Win64; x64; rv:59.0) Gecko/20100101 Firefox/59.0"
::1 - - [09/May/2018:10:29:26 +0200] "POST /phpmyadmin/db_structure.php?ajax_request=1&favorite_table=1&sync_favorite_tables=1 HTTP/1.1" 200 153 "-" "Mozilla/5.0 (Windows NT 10.0; Win64; x64; rv:59.0) Gecko/20100101 Firefox/59.0"
::1 - - [09/May/2018:10:34:00 +0200] "GET /phpmyadmin/ HTTP/1.1" 200 13745 "-" "Mozilla/5.0 (Windows NT 10.0; Win64; x64; rv:59.0) Gecko/20100101 Firefox/59.0"
::1 - - [09/May/2018:10:34:00 +0200] "GET /phpmyadmin/themes/pmahomme/jquery/jquery-ui.css HTTP/1.1" 200 36566 "-" "Mozilla/5.0 (Windows NT 10.0; Win64; x64; rv:59.0) Gecko/20100101 Firefox/59.0"
::1 - - [09/May/2018:10:34:00 +0200] "GET /phpmyadmin/js/vendor/codemirror/lib/codemirror.css?v=4.8.0 HTTP/1.1" 200 8542 "-" "Mozilla/5.0 (Windows NT 10.0; Win64; x64; rv:59.0) Gecko/20100101 Firefox/59.0"
::1 - - [09/May/2018:10:34:00 +0200] "GET /phpmyadmin/js/vendor/codemirror/addon/hint/show-hint.css?v=4.8.0 HTTP/1.1" 200 623 "-" "Mozilla/5.0 (Windows NT 10.0; Win64; x64; rv:59.0) Gecko/20100101 Firefox/59.0"
::1 - - [09/May/2018:10:34:00 +0200] "GET /phpmyadmin/js/vendor/codemirror/addon/lint/lint.css?v=4.8.0 HTTP/1.1" 200 2999 "-" "Mozilla/5.0 (Windows NT 10.0; Win64; x64; rv:59.0) Gecko/20100101 Firefox/59.0"
::1 - - [09/May/2018:10:34:00 +0200] "GET /phpmyadmin/themes/pmahomme/css/printview.css?v=4.8.0 HTTP/1.1" 200 2746 "-" "Mozilla/5.0 (Windows NT 10.0; Win64; x64; rv:59.0) Gecko/20100101 Firefox/59.0"
::1 - - [09/May/2018:10:34:00 +0200] "GET /phpmyadmin/js/vendor/jquery/jquery.min.js?v=4.8.0 HTTP/1.1" 200 86927 "-" "Mozilla/5.0 (Windows NT 10.0; Win64; x64; rv:59.0) Gecko/20100101 Firefox/59.0"
::1 - - [09/May/2018:10:34:00 +0200] "GET /phpmyadmin/js/vendor/jquery/jquery-migrate.js?v=4.8.0 HTTP/1.1" 200 17813 "-" "Mozilla/5.0 (Windows NT 10.0; Win64; x64; rv:59.0) Gecko/20100101 Firefox/59.0"
::1 - - [09/May/2018:10:34:00 +0200] "GET /phpmyadmin/js/keyhandler.js?v=4.8.0 HTTP/1.1" 200 3333 "-" "Mozilla/5.0 (Windows NT 10.0; Win64; x64; rv:59.0) Gecko/20100101 Firefox/59.0"
::1 - - [09/May/2018:10:34:00 +0200] "GET /phpmyadmin/js/vendor/sprintf.js?v=4.8.0 HTTP/1.1" 200 7387 "-" "Mozilla/5.0 (Windows NT 10.0; Win64; x64; rv:59.0) Gecko/20100101 Firefox/59.0"
::1 - - [09/May/2018:10:34:00 +0200] "GET /phpmyadmin/js/vendor/jquery/jquery.mousewheel.js?v=4.8.0 HTTP/1.1" 200 8267 "-" "Mozilla/5.0 (Windows NT 10.0; Win64; x64; rv:59.0) Gecko/20100101 Firefox/59.0"
::1 - - [09/May/2018:10:34:00 +0200] "GET /phpmyadmin/js/vendor/jquery/jquery-ui.min.js?v=4.8.0 HTTP/1.1" 200 253681 "-" "Mozilla/5.0 (Windows NT 10.0; Win64; x64; rv:59.0) Gecko/20100101 Firefox/59.0"
::1 - - [09/May/2018:10:34:00 +0200] "GET /phpmyadmin/js/vendor/jquery/jquery.event.drag-2.2.js?v=4.8.0 HTTP/1.1" 200 12826 "-" "Mozilla/5.0 (Windows NT 10.0; Win64; x64; rv:59.0) Gecko/20100101 Firefox/59.0"
::1 - - [09/May/2018:10:34:00 +0200] "GET /phpmyadmin/js/vendor/js.cookie.js?v=4.8.0 HTTP/1.1" 200 3886 "-" "Mozilla/5.0 (Windows NT 10.0; Win64; x64; rv:59.0) Gecko/20100101 Firefox/59.0"
::1 - - [09/May/2018:10:34:00 +0200] "GET /phpmyadmin/js/vendor/jquery/jquery.ba-hashchange-1.3.js?v=4.8.0 HTTP/1.1" 200 16522 "-" "Mozilla/5.0 (Windows NT 10.0; Win64; x64; rv:59.0) Gecko/20100101 Firefox/59.0"
::1 - - [09/May/2018:10:34:00 +0200] "GET /phpmyadmin/js/vendor/jquery/jquery-ui-timepicker-addon.js?v=4.8.0 HTTP/1.1" 200 78475 "-" "Mozilla/5.0 (Windows NT 10.0; Win64; x64; rv:59.0) Gecko/20100101 Firefox/59.0"
::1 - - [09/May/2018:10:34:00 +0200] "GET /phpmyadmin/js/vendor/jquery/jquery.validate.js?v=4.8.0 HTTP/1.1" 200 48696 "-" "Mozilla/5.0 (Windows NT 10.0; Win64; x64; rv:59.0) Gecko/20100101 Firefox/59.0"
::1 - - [09/May/2018:10:34:00 +0200] "GET /phpmyadmin/js/menu-resizer.js?v=4.8.0 HTTP/1.1" 200 8318 "-" "Mozilla/5.0 (Windows NT 10.0; Win64; x64; rv:59.0) Gecko/20100101 Firefox/59.0"
::1 - - [09/May/2018:10:34:00 +0200] "GET /phpmyadmin/js/cross_framing_protection.js?v=4.8.0 HTTP/1.1" 200 471 "-" "Mozilla/5.0 (Windows NT 10.0; Win64; x64; rv:59.0) Gecko/20100101 Firefox/59.0"
::1 - - [09/May/2018:10:34:00 +0200] "GET /phpmyadmin/js/vendor/jquery/jquery.debounce-1.0.5.js?v=4.8.0 HTTP/1.1" 200 1169 "-" "Mozilla/5.0 (Windows NT 10.0; Win64; x64; rv:59.0) Gecko/20100101 Firefox/59.0"
::1 - - [09/May/2018:10:34:00 +0200] "GET /phpmyadmin/js/vendor/tracekit.js?v=4.8.0 HTTP/1.1" 200 45389 "-" "Mozilla/5.0 (Windows NT 10.0; Win64; x64; rv:59.0) Gecko/20100101 Firefox/59.0"
::1 - - [09/May/2018:10:34:00 +0200] "GET /phpmyadmin/js/error_report.js?v=4.8.0 HTTP/1.1" 200 10112 "-" "Mozilla/5.0 (Windows NT 10.0; Win64; x64; rv:59.0) Gecko/20100101 Firefox/59.0"
::1 - - [09/May/2018:10:34:00 +0200] "GET /phpmyadmin/js/rte.js?v=4.8.0 HTTP/1.1" 200 47678 "-" "Mozilla/5.0 (Windows NT 10.0; Win64; x64; rv:59.0) Gecko/20100101 Firefox/59.0"
::1 - - [09/May/2018:10:34:00 +0200] "GET /phpmyadmin/js/doclinks.js?v=4.8.0 HTTP/1.1" 200 20643 "-" "Mozilla/5.0 (Windows NT 10.0; Win64; x64; rv:59.0) Gecko/20100101 Firefox/59.0"
::1 - - [09/May/2018:10:34:00 +0200] "GET /phpmyadmin/js/config.js?v=4.8.0 HTTP/1.1" 200 26929 "-" "Mozilla/5.0 (Windows NT 10.0; Win64; x64; rv:59.0) Gecko/20100101 Firefox/59.0"
::1 - - [09/May/2018:10:34:00 +0200] "GET /phpmyadmin/js/navigation.js?v=4.8.0 HTTP/1.1" 200 59816 "-" "Mozilla/5.0 (Windows NT 10.0; Win64; x64; rv:59.0) Gecko/20100101 Firefox/59.0"
::1 - - [09/May/2018:10:34:00 +0200] "GET /phpmyadmin/js/functions.js?v=4.8.0 HTTP/1.1" 200 173349 "-" "Mozilla/5.0 (Windows NT 10.0; Win64; x64; rv:59.0) Gecko/20100101 Firefox/59.0"
::1 - - [09/May/2018:10:34:00 +0200] "GET /phpmyadmin/js/indexes.js?v=4.8.0 HTTP/1.1" 200 27409 "-" "Mozilla/5.0 (Windows NT 10.0; Win64; x64; rv:59.0) Gecko/20100101 Firefox/59.0"
::1 - - [09/May/2018:10:34:00 +0200] "GET /phpmyadmin/js/common.js?v=4.8.0 HTTP/1.1" 200 19168 "-" "Mozilla/5.0 (Windows NT 10.0; Win64; x64; rv:59.0) Gecko/20100101 Firefox/59.0"
::1 - - [09/May/2018:10:34:00 +0200] "GET /phpmyadmin/js/page_settings.js?v=4.8.0 HTTP/1.1" 200 1749 "-" "Mozilla/5.0 (Windows NT 10.0; Win64; x64; rv:59.0) Gecko/20100101 Firefox/59.0"
::1 - - [09/May/2018:10:34:00 +0200] "GET /phpmyadmin/js/shortcuts_handler.js?v=4.8.0 HTTP/1.1" 200 3264 "-" "Mozilla/5.0 (Windows NT 10.0; Win64; x64; rv:59.0) Gecko/20100101 Firefox/59.0"
::1 - - [09/May/2018:10:34:00 +0200] "GET /phpmyadmin/js/vendor/codemirror/lib/codemirror.js?v=4.8.0 HTTP/1.1" 200 373234 "-" "Mozilla/5.0 (Windows NT 10.0; Win64; x64; rv:59.0) Gecko/20100101 Firefox/59.0"
::1 - - [09/May/2018:10:34:01 +0200] "GET /phpmyadmin/js/vendor/codemirror/mode/sql/sql.js?v=4.8.0 HTTP/1.1" 200 45323 "-" "Mozilla/5.0 (Windows NT 10.0; Win64; x64; rv:59.0) Gecko/20100101 Firefox/59.0"
::1 - - [09/May/2018:10:34:01 +0200] "GET /phpmyadmin/js/vendor/codemirror/addon/runmode/runmode.js?v=4.8.0 HTTP/1.1" 200 2499 "-" "Mozilla/5.0 (Windows NT 10.0; Win64; x64; rv:59.0) Gecko/20100101 Firefox/59.0"
::1 - - [09/May/2018:10:34:00 +0200] "GET /phpmyadmin/js/ajax.js?v=4.8.0 HTTP/1.1" 200 31246 "-" "Mozilla/5.0 (Windows NT 10.0; Win64; x64; rv:59.0) Gecko/20100101 Firefox/59.0"
::1 - - [09/May/2018:10:34:01 +0200] "GET /phpmyadmin/js/vendor/codemirror/addon/hint/sql-hint.js?v=4.8.0 HTTP/1.1" 200 9148 "-" "Mozilla/5.0 (Windows NT 10.0; Win64; x64; rv:59.0) Gecko/20100101 Firefox/59.0"
::1 - - [09/May/2018:10:34:01 +0200] "GET /phpmyadmin/js/vendor/codemirror/addon/lint/lint.js?v=4.8.0 HTTP/1.1" 200 8609 "-" "Mozilla/5.0 (Windows NT 10.0; Win64; x64; rv:59.0) Gecko/20100101 Firefox/59.0"
::1 - - [09/May/2018:10:34:01 +0200] "GET /phpmyadmin/js/codemirror/addon/lint/sql-lint.js?v=4.8.0 HTTP/1.1" 200 1048 "-" "Mozilla/5.0 (Windows NT 10.0; Win64; x64; rv:59.0) Gecko/20100101 Firefox/59.0"
::1 - - [09/May/2018:10:34:01 +0200] "GET /phpmyadmin/js/vendor/codemirror/addon/hint/show-hint.js?v=4.8.0 HTTP/1.1" 200 15909 "-" "Mozilla/5.0 (Windows NT 10.0; Win64; x64; rv:59.0) Gecko/20100101 Firefox/59.0"
::1 - - [09/May/2018:10:34:01 +0200] "GET /phpmyadmin/js/console.js?v=4.8.0 HTTP/1.1" 200 57278 "-" "Mozilla/5.0 (Windows NT 10.0; Win64; x64; rv:59.0) Gecko/20100101 Firefox/59.0"
::1 - - [09/May/2018:10:34:00 +0200] "GET /phpmyadmin/js/whitelist.php?v=4.8.0&lang=nl HTTP/1.1" 200 57 "-" "Mozilla/5.0 (Windows NT 10.0; Win64; x64; rv:59.0) Gecko/20100101 Firefox/59.0"
::1 - - [09/May/2018:10:34:00 +0200] "GET /phpmyadmin/js/messages.php?l=nl&v=4.8.0&lang=nl HTTP/1.1" 200 9903 "-" "Mozilla/5.0 (Windows NT 10.0; Win64; x64; rv:59.0) Gecko/20100101 Firefox/59.0"
::1 - - [09/May/2018:10:34:00 +0200] "GET /phpmyadmin/phpmyadmin.css.php?nocache=6019251132ltr&server=1 HTTP/1.1" 200 20694 "-" "Mozilla/5.0 (Windows NT 10.0; Win64; x64; rv:59.0) Gecko/20100101 Firefox/59.0"
::1 - - [09/May/2018:10:34:01 +0200] "GET /phpmyadmin/themes/dot.gif HTTP/1.1" 200 43 "-" "Mozilla/5.0 (Windows NT 10.0; Win64; x64; rv:59.0) Gecko/20100101 Firefox/59.0"
::1 - - [09/May/2018:10:34:01 +0200] "GET /phpmyadmin/themes/pmahomme/img/logo_left.png HTTP/1.1" 200 2713 "-" "Mozilla/5.0 (Windows NT 10.0; Win64; x64; rv:59.0) Gecko/20100101 Firefox/59.0"
::1 - - [09/May/2018:10:34:02 +0200] "GET /phpmyadmin/themes/pmahomme/img/left_nav_bg.png HTTP/1.1" 200 146 "-" "Mozilla/5.0 (Windows NT 10.0; Win64; x64; rv:59.0) Gecko/20100101 Firefox/59.0"
::1 - - [09/May/2018:10:34:02 +0200] "GET /phpmyadmin/themes/pmahomme/img/s_loggoff.png HTTP/1.1" 200 626 "-" "Mozilla/5.0 (Windows NT 10.0; Win64; x64; rv:59.0) Gecko/20100101 Firefox/59.0"
::1 - - [09/May/2018:10:34:02 +0200] "GET /phpmyadmin/themes/pmahomme/img/b_docs.png HTTP/1.1" 200 705 "-" "Mozilla/5.0 (Windows NT 10.0; Win64; x64; rv:59.0) Gecko/20100101 Firefox/59.0"
::1 - - [09/May/2018:10:34:02 +0200] "GET /phpmyadmin/themes/pmahomme/img/b_home.png HTTP/1.1" 200 734 "-" "Mozilla/5.0 (Windows NT 10.0; Win64; x64; rv:59.0) Gecko/20100101 Firefox/59.0"
::1 - - [09/May/2018:10:34:02 +0200] "GET /phpmyadmin/themes/pmahomme/img/b_sqlhelp.png HTTP/1.1" 200 512 "-" "Mozilla/5.0 (Windows NT 10.0; Win64; x64; rv:59.0) Gecko/20100101 Firefox/59.0"
::1 - - [09/May/2018:10:34:02 +0200] "GET /phpmyadmin/themes/pmahomme/img/s_cog.png HTTP/1.1" 200 442 "-" "Mozilla/5.0 (Windows NT 10.0; Win64; x64; rv:59.0) Gecko/20100101 Firefox/59.0"
::1 - - [09/May/2018:10:34:02 +0200] "GET /phpmyadmin/themes/pmahomme/img/s_reload.png HTTP/1.1" 200 527 "-" "Mozilla/5.0 (Windows NT 10.0; Win64; x64; rv:59.0) Gecko/20100101 Firefox/59.0"
::1 - - [09/May/2018:10:34:02 +0200] "GET /phpmyadmin/themes/pmahomme/img/b_plus.png HTTP/1.1" 200 143 "-" "Mozilla/5.0 (Windows NT 10.0; Win64; x64; rv:59.0) Gecko/20100101 Firefox/59.0"
::1 - - [09/May/2018:10:34:02 +0200] "GET /phpmyadmin/themes/pmahomme/img/b_newdb.png HTTP/1.1" 200 585 "-" "Mozilla/5.0 (Windows NT 10.0; Win64; x64; rv:59.0) Gecko/20100101 Firefox/59.0"
::1 - - [09/May/2018:10:34:02 +0200] "GET /phpmyadmin/themes/pmahomme/img/s_link.png HTTP/1.1" 200 280 "-" "Mozilla/5.0 (Windows NT 10.0; Win64; x64; rv:59.0) Gecko/20100101 Firefox/59.0"
::1 - - [09/May/2018:10:34:02 +0200] "GET /phpmyadmin/themes/pmahomme/img/s_db.png HTTP/1.1" 200 328 "-" "Mozilla/5.0 (Windows NT 10.0; Win64; x64; rv:59.0) Gecko/20100101 Firefox/59.0"
::1 - - [09/May/2018:10:34:02 +0200] "GET /phpmyadmin/themes/pmahomme/img/s_host.png HTTP/1.1" 200 591 "-" "Mozilla/5.0 (Windows NT 10.0; Win64; x64; rv:59.0) Gecko/20100101 Firefox/59.0"
::1 - - [09/May/2018:10:34:02 +0200] "GET /phpmyadmin/themes/pmahomme/img/s_status.png HTTP/1.1" 200 600 "-" "Mozilla/5.0 (Windows NT 10.0; Win64; x64; rv:59.0) Gecko/20100101 Firefox/59.0"
::1 - - [09/May/2018:10:34:02 +0200] "GET /phpmyadmin/themes/pmahomme/img/s_rights.png HTTP/1.1" 200 461 "-" "Mozilla/5.0 (Windows NT 10.0; Win64; x64; rv:59.0) Gecko/20100101 Firefox/59.0"
::1 - - [09/May/2018:10:34:02 +0200] "GET /phpmyadmin/themes/pmahomme/img/b_export.png HTTP/1.1" 200 514 "-" "Mozilla/5.0 (Windows NT 10.0; Win64; x64; rv:59.0) Gecko/20100101 Firefox/59.0"
::1 - - [09/May/2018:10:34:02 +0200] "GET /phpmyadmin/themes/pmahomme/img/b_import.png HTTP/1.1" 200 556 "-" "Mozilla/5.0 (Windows NT 10.0; Win64; x64; rv:59.0) Gecko/20100101 Firefox/59.0"
::1 - - [09/May/2018:10:34:02 +0200] "GET /phpmyadmin/themes/pmahomme/img/s_replication.png HTTP/1.1" 200 399 "-" "Mozilla/5.0 (Windows NT 10.0; Win64; x64; rv:59.0) Gecko/20100101 Firefox/59.0"
::1 - - [09/May/2018:10:34:02 +0200] "GET /phpmyadmin/themes/pmahomme/img/b_tblops.png HTTP/1.1" 200 537 "-" "Mozilla/5.0 (Windows NT 10.0; Win64; x64; rv:59.0) Gecko/20100101 Firefox/59.0"
::1 - - [09/May/2018:10:34:02 +0200] "GET /phpmyadmin/themes/pmahomme/img/b_sql.png HTTP/1.1" 200 680 "-" "Mozilla/5.0 (Windows NT 10.0; Win64; x64; rv:59.0) Gecko/20100101 Firefox/59.0"
::1 - - [09/May/2018:10:34:02 +0200] "GET /phpmyadmin/themes/pmahomme/img/s_vars.png HTTP/1.1" 200 523 "-" "Mozilla/5.0 (Windows NT 10.0; Win64; x64; rv:59.0) Gecko/20100101 Firefox/59.0"
::1 - - [09/May/2018:10:34:02 +0200] "GET /phpmyadmin/themes/pmahomme/img/s_asci.png HTTP/1.1" 200 148 "-" "Mozilla/5.0 (Windows NT 10.0; Win64; x64; rv:59.0) Gecko/20100101 Firefox/59.0"
::1 - - [09/May/2018:10:34:02 +0200] "GET /phpmyadmin/themes/pmahomme/img/b_engine.png HTTP/1.1" 200 398 "-" "Mozilla/5.0 (Windows NT 10.0; Win64; x64; rv:59.0) Gecko/20100101 Firefox/59.0"
::1 - - [09/May/2018:10:34:02 +0200] "GET /phpmyadmin/themes/pmahomme/img/b_plugin.png HTTP/1.1" 200 512 "-" "Mozilla/5.0 (Windows NT 10.0; Win64; x64; rv:59.0) Gecko/20100101 Firefox/59.0"
::1 - - [09/May/2018:10:34:02 +0200] "GET /phpmyadmin/themes/pmahomme/img/s_top.png HTTP/1.1" 200 220 "-" "Mozilla/5.0 (Windows NT 10.0; Win64; x64; rv:59.0) Gecko/20100101 Firefox/59.0"
::1 - - [09/May/2018:10:34:02 +0200] "GET /phpmyadmin/themes/pmahomme/img/console.png HTTP/1.1" 200 292 "-" "Mozilla/5.0 (Windows NT 10.0; Win64; x64; rv:59.0) Gecko/20100101 Firefox/59.0"
::1 - - [09/May/2018:10:34:02 +0200] "GET /phpmyadmin/themes/pmahomme/img/b_help.png HTTP/1.1" 200 705 "-" "Mozilla/5.0 (Windows NT 10.0; Win64; x64; rv:59.0) Gecko/20100101 Firefox/59.0"
::1 - - [09/May/2018:10:34:02 +0200] "GET /phpmyadmin/themes/pmahomme/img/s_theme.png HTTP/1.1" 200 772 "-" "Mozilla/5.0 (Windows NT 10.0; Win64; x64; rv:59.0) Gecko/20100101 Firefox/59.0"
::1 - - [09/May/2018:10:34:02 +0200] "GET /phpmyadmin/themes/pmahomme/img/s_lang.png HTTP/1.1" 200 659 "-" "Mozilla/5.0 (Windows NT 10.0; Win64; x64; rv:59.0) Gecko/20100101 Firefox/59.0"
::1 - - [09/May/2018:10:34:02 +0200] "GET /phpmyadmin/themes/pmahomme/img/window-new.png HTTP/1.1" 200 468 "-" "Mozilla/5.0 (Windows NT 10.0; Win64; x64; rv:59.0) Gecko/20100101 Firefox/59.0"
::1 - - [09/May/2018:10:34:04 +0200] "POST /phpmyadmin/ajax.php HTTP/1.1" 200 139 "-" "Mozilla/5.0 (Windows NT 10.0; Win64; x64; rv:59.0) Gecko/20100101 Firefox/59.0"
::1 - - [09/May/2018:10:34:05 +0200] "GET /phpmyadmin/themes/pmahomme/img/b_more.png HTTP/1.1" 200 111 "-" "Mozilla/5.0 (Windows NT 10.0; Win64; x64; rv:59.0) Gecko/20100101 Firefox/59.0"
::1 - - [09/May/2018:10:34:05 +0200] "POST /phpmyadmin/navigation.php?ajax_request=1&lang=nl HTTP/1.1" 200 71 "-" "Mozilla/5.0 (Windows NT 10.0; Win64; x64; rv:59.0) Gecko/20100101 Firefox/59.0"
::1 - - [09/May/2018:10:34:07 +0200] "POST /phpmyadmin/ajax.php HTTP/1.1" 200 139 "-" "Mozilla/5.0 (Windows NT 10.0; Win64; x64; rv:59.0) Gecko/20100101 Firefox/59.0"
::1 - - [09/May/2018:10:34:07 +0200] "POST /phpmyadmin/ajax.php HTTP/1.1" 200 139 "-" "Mozilla/5.0 (Windows NT 10.0; Win64; x64; rv:59.0) Gecko/20100101 Firefox/59.0"
::1 - - [09/May/2018:10:34:08 +0200] "POST /phpmyadmin/db_structure.php?ajax_request=1&favorite_table=1&sync_favorite_tables=1&lang=nl HTTP/1.1" 200 71 "-" "Mozilla/5.0 (Windows NT 10.0; Win64; x64; rv:59.0) Gecko/20100101 Firefox/59.0"
::1 - - [09/May/2018:10:34:08 +0200] "POST /phpmyadmin/version_check.php HTTP/1.1" 200 66 "-" "Mozilla/5.0 (Windows NT 10.0; Win64; x64; rv:59.0) Gecko/20100101 Firefox/59.0"
